8/20 03:06:06 [31367] - [32minfo[39m:     .                              .o8                     oooo
8/20 03:06:06 [31367] - [32minfo[39m:   .o8                             "888                     `888
8/20 03:06:06 [31367] - [32minfo[39m: .o888oo oooo d8b oooo  oooo   .oooo888   .ooooo.   .oooo.o  888  oooo
8/20 03:06:06 [31367] - [32minfo[39m:   888   `888""8P `888  `888  d88' `888  d88' `88b d88(  "8  888 .8P'
8/20 03:06:06 [31367] - [32minfo[39m:   888    888      888   888  888   888  888ooo888 `"Y88b.   888888.
8/20 03:06:06 [31367] - [32minfo[39m:   888 .  888      888   888  888   888  888    .o o.  )88b  888 `88b.
8/20 03:06:06 [31367] - [32minfo[39m:   "888" d888b     `V88V"V8P' `Y8bod88P" `Y8bod8P' 8""888P' o888o o888o
8/20 03:06:06 [31367] - [32minfo[39m: ==========================================================================
8/20 03:06:06 [31367] - [32minfo[39m: trudesk v1.0.15 Copyright (C) 2014-2019 Chris Brame
8/20 03:06:06 [31367] - [32minfo[39m:  
8/20 03:06:06 [31367] - [32minfo[39m: Running in: development
8/20 03:06:06 [31367] - [32minfo[39m: Server Time: Tue Aug 20 2019 03:06:06 GMT+0530 (India Standard Time)
8/20 03:06:33 [31367] - [32minfo[39m: Trudesk Install Server Running...
Elasticsearch ERROR: 2019-08-19T21:36:45Z
  Error: Request error, retrying
  HEAD http://undefined/:undefined/ => getaddrinfo EAI_AGAIN undefined undefined:80
      at Log.error (/home/latitude/tong/trudesk/node_modules/elasticsearch/src/lib/log.js:226:56)
      at checkRespForFailure (/home/latitude/tong/trudesk/node_modules/elasticsearch/src/lib/transport.js:259:18)
      at HttpConnector.<anonymous> (/home/latitude/tong/trudesk/node_modules/elasticsearch/src/lib/connectors/http.js:163:7)
      at ClientRequest.wrapper (/home/latitude/tong/trudesk/node_modules/lodash/lodash.js:4935:19)
      at ClientRequest.emit (events.js:198:13)
      at Socket.socketErrorListener (_http_client.js:392:9)
      at Socket.emit (events.js:198:13)
      at emitErrorNT (internal/streams/destroy.js:91:8)
      at emitErrorAndCloseNT (internal/streams/destroy.js:59:3)
      at process._tickCallback (internal/process/next_tick.js:63:19)

Elasticsearch WARNING: 2019-08-19T21:36:45Z
  Unable to revive connection: http://undefined/:undefined

Elasticsearch WARNING: 2019-08-19T21:36:45Z
  No living connections

8/20 03:07:15 [Child:MongoTest:31529] - [31merror[39m: Oh no, something went wrong with DB! - failed to connect to server [localhost:27017] on first connect [MongoNetworkError: connect ECONNREFUSED 127.0.0.1:27017]
8/20 03:07:15 [31367] - [34mdebug[39m: MongoTest process terminated
8/20 03:07:34 [Child:MongoTest:31590] - [31merror[39m: Oh no, something went wrong with DB! - failed to connect to server [localhost:27017] on first connect [MongoNetworkError: connect ECONNREFUSED 127.0.0.1:27017]
8/20 03:07:34 [31367] - [34mdebug[39m: MongoTest process terminated
8/20 03:07:42 [Child:MongoTest:31614] - [31merror[39m: Oh no, something went wrong with DB! - Authentication failed.
8/20 03:07:42 [31367] - [34mdebug[39m: MongoTest process terminated
8/20 03:07:58 [Child:MongoTest:31629] - [31merror[39m: Oh no, something went wrong with DB! - Authentication failed.
8/20 03:07:58 [31367] - [34mdebug[39m: MongoTest process terminated
8/20 03:08:30 [Child:MongoTest:31665] - [31merror[39m: Oh no, something went wrong with DB! - Authentication failed.
8/20 03:08:30 [31367] - [34mdebug[39m: MongoTest process terminated
8/20 03:28:36 [31367] - [32minfo[39m: Connected to MongoDB
8/20 03:28:57 [1220] - [32minfo[39m:     .                              .o8                     oooo
8/20 03:28:57 [1220] - [32minfo[39m:   .o8                             "888                     `888
8/20 03:28:57 [1220] - [32minfo[39m: .o888oo oooo d8b oooo  oooo   .oooo888   .ooooo.   .oooo.o  888  oooo
8/20 03:28:57 [1220] - [32minfo[39m:   888   `888""8P `888  `888  d88' `888  d88' `88b d88(  "8  888 .8P'
8/20 03:28:57 [1220] - [32minfo[39m:   888    888      888   888  888   888  888ooo888 `"Y88b.   888888.
8/20 03:28:57 [1220] - [32minfo[39m:   888 .  888      888   888  888   888  888    .o o.  )88b  888 `88b.
8/20 03:28:57 [1220] - [32minfo[39m:   "888" d888b     `V88V"V8P' `Y8bod88P" `Y8bod8P' 8""888P' o888o o888o
8/20 03:28:57 [1220] - [32minfo[39m: ==========================================================================
8/20 03:28:57 [1220] - [32minfo[39m: trudesk v1.0.15 Copyright (C) 2014-2019 Chris Brame
8/20 03:28:57 [1220] - [32minfo[39m:  
8/20 03:28:57 [1220] - [32minfo[39m: Running in: development
8/20 03:28:57 [1220] - [32minfo[39m: Server Time: Tue Aug 20 2019 03:28:57 GMT+0530 (India Standard Time)
8/20 03:28:59 [1220] - [32minfo[39m: Connected to MongoDB
8/20 03:29:17 [1220] - [34mdebug[39m: Checking Default Settings...
8/20 03:29:26 [1220] - [34mdebug[39m: Timezone set to America/New_York
8/20 03:29:32 [1220] - [34mdebug[39m: Registering Permissions...
8/20 03:29:35 [1220] - [32minfo[39m: SocketServer Running
8/20 03:29:36 [1220] - [34mdebug[39m: Building dynamic sass...
8/20 03:29:44 [1220] - [32minfo[39m: TruDesk is now listening on port: 8118
8/20 03:29:44 [1220] - [32minfo[39m: trudesk Ready
8/20 03:29:51 [Child:Cache:1325] - [34mdebug[39m: Pulled 0
8/20 03:29:51 [Child:Cache:1325] - [34mdebug[39m: Cache Loaded
8/20 03:30:12 [1220] - [34mdebug[39m: User successfully connected: ani4aniket
8/20 04:24:55 [Child:Cache:4009] - [34mdebug[39m: Pulled 0
8/20 04:24:55 [Child:Cache:4009] - [34mdebug[39m: Cache Loaded
8/20 05:13:36 [1220] - [33mwarn[39m:  message=read ETIMEDOUT, stack=Error: read ETIMEDOUT
    at TCP.onStreamRead (internal/stream_base_commons.js:111:27), name=MongoNetworkError, errorLabels=[TransientTransactionError]
8/20 05:13:36 [1220] - [33mwarn[39m:  message=read ETIMEDOUT, stack=Error: read ETIMEDOUT
    at TCP.onStreamRead (internal/stream_base_commons.js:111:27), name=MongoNetworkError, errorLabels=[TransientTransactionError]
8/20 05:13:36 [1220] - [33mwarn[39m: read ETIMEDOUT
8/20 05:13:36 [1220] - [33mwarn[39m:  message=read ETIMEDOUT, stack=Error: read ETIMEDOUT
    at TCP.onStreamRead (internal/stream_base_commons.js:111:27), name=MongoNetworkError, errorLabels=[TransientTransactionError]
8/20 05:13:36 [1220] - [33mwarn[39m:  message=read ETIMEDOUT, stack=Error: read ETIMEDOUT
    at TCP.onStreamRead (internal/stream_base_commons.js:111:27), name=MongoNetworkError, errorLabels=[TransientTransactionError]
8/20 05:13:36 [1220] - [33mwarn[39m: read ETIMEDOUT
8/20 05:13:36 [1220] - [33mwarn[39m:  message=read ETIMEDOUT, stack=Error: read ETIMEDOUT
    at TCP.onStreamRead (internal/stream_base_commons.js:111:27), name=MongoNetworkError, errorLabels=[TransientTransactionError]
8/20 05:13:36 [1220] - [33mwarn[39m:  message=read ETIMEDOUT, stack=Error: read ETIMEDOUT
    at TCP.onStreamRead (internal/stream_base_commons.js:111:27), name=MongoNetworkError, errorLabels=[TransientTransactionError]
8/20 05:13:36 [1220] - [33mwarn[39m: read ETIMEDOUT
8/20 05:13:36 [1220] - [33mwarn[39m:  message=read ETIMEDOUT, stack=Error: read ETIMEDOUT
    at TCP.onStreamRead (internal/stream_base_commons.js:111:27), name=MongoNetworkError, errorLabels=[TransientTransactionError]
8/20 05:13:36 [1220] - [33mwarn[39m: read ETIMEDOUT
8/20 05:13:36 [1220] - [33mwarn[39m: read ETIMEDOUT
8/20 05:13:36 [1220] - [33mwarn[39m:  message=read ETIMEDOUT, stack=Error: read ETIMEDOUT
    at TCP.onStreamRead (internal/stream_base_commons.js:111:27), name=MongoNetworkError, errorLabels=[TransientTransactionError]
8/20 05:13:36 [1220] - [33mwarn[39m:  message=read ETIMEDOUT, stack=Error: read ETIMEDOUT
    at TCP.onStreamRead (internal/stream_base_commons.js:111:27), name=MongoNetworkError, errorLabels=[TransientTransactionError]
8/20 05:13:36 [1220] - [33mwarn[39m: read ETIMEDOUT
8/20 05:13:36 [1220] - [33mwarn[39m:  message=read ETIMEDOUT, stack=Error: read ETIMEDOUT
    at TCP.onStreamRead (internal/stream_base_commons.js:111:27), name=MongoNetworkError, errorLabels=[TransientTransactionError]
8/20 05:13:36 [1220] - [33mwarn[39m: read ETIMEDOUT
8/20 05:13:36 [1220] - [33mwarn[39m:  message=read ETIMEDOUT, stack=Error: read ETIMEDOUT
    at TCP.onStreamRead (internal/stream_base_commons.js:111:27), name=MongoNetworkError, errorLabels=[TransientTransactionError]
8/20 05:13:36 [1220] - [33mwarn[39m: read ETIMEDOUT
8/20 05:13:36 [1220] - [33mwarn[39m:  message=read ETIMEDOUT, stack=Error: read ETIMEDOUT
    at TCP.onStreamRead (internal/stream_base_commons.js:111:27), name=MongoNetworkError, errorLabels=[TransientTransactionError]
8/20 05:13:36 [1220] - [33mwarn[39m:  message=read ETIMEDOUT, stack=Error: read ETIMEDOUT
    at TCP.onStreamRead (internal/stream_base_commons.js:111:27), name=MongoNetworkError, errorLabels=[TransientTransactionError]
8/20 05:13:36 [1220] - [33mwarn[39m: read ETIMEDOUT
8/20 05:13:36 [1220] - [33mwarn[39m:  message=read ETIMEDOUT, stack=Error: read ETIMEDOUT
    at TCP.onStreamRead (internal/stream_base_commons.js:111:27), name=MongoNetworkError, errorLabels=[TransientTransactionError]
8/20 05:13:36 [1220] - [33mwarn[39m: read ETIMEDOUT
8/20 05:13:36 [1220] - [33mwarn[39m:  message=read ETIMEDOUT, stack=Error: read ETIMEDOUT
    at TCP.onStreamRead (internal/stream_base_commons.js:111:27), name=MongoNetworkError, errorLabels=[TransientTransactionError]
8/20 05:13:36 [1220] - [33mwarn[39m: read ETIMEDOUT
8/20 05:13:36 [1220] - [33mwarn[39m:  message=read ETIMEDOUT, stack=Error: read ETIMEDOUT
    at TCP.onStreamRead (internal/stream_base_commons.js:111:27), name=MongoNetworkError, errorLabels=[TransientTransactionError]
8/20 05:13:36 [1220] - [33mwarn[39m: read ETIMEDOUT
8/20 05:13:36 [1220] - [33mwarn[39m:  message=read ETIMEDOUT, stack=Error: read ETIMEDOUT
    at TCP.onStreamRead (internal/stream_base_commons.js:111:27), name=MongoNetworkError, errorLabels=[TransientTransactionError]
8/20 05:13:36 [1220] - [33mwarn[39m: read ETIMEDOUT
8/20 05:13:36 [1220] - [33mwarn[39m:  message=read ETIMEDOUT, stack=Error: read ETIMEDOUT
    at TCP.onStreamRead (internal/stream_base_commons.js:111:27), name=MongoNetworkError, errorLabels=[TransientTransactionError]
8/20 05:13:36 [1220] - [33mwarn[39m: read ETIMEDOUT
8/20 05:13:36 [1220] - [33mwarn[39m:  message=read ETIMEDOUT, stack=Error: read ETIMEDOUT
    at TCP.onStreamRead (internal/stream_base_commons.js:111:27), name=MongoNetworkError, errorLabels=[TransientTransactionError]
8/20 05:13:36 [1220] - [33mwarn[39m: read ETIMEDOUT
8/20 05:13:36 [1220] - [33mwarn[39m:  message=read ETIMEDOUT, stack=Error: read ETIMEDOUT
    at TCP.onStreamRead (internal/stream_base_commons.js:111:27), name=MongoNetworkError, errorLabels=[TransientTransactionError]
8/20 05:13:36 [1220] - [33mwarn[39m: read ETIMEDOUT
8/20 05:13:36 [1220] - [33mwarn[39m:  message=read ETIMEDOUT, stack=Error: read ETIMEDOUT
    at TCP.onStreamRead (internal/stream_base_commons.js:111:27), name=MongoNetworkError, errorLabels=[TransientTransactionError]
8/20 05:13:36 [1220] - [33mwarn[39m: read ETIMEDOUT
8/20 05:13:36 [1220] - [33mwarn[39m:  message=read ETIMEDOUT, stack=Error: read ETIMEDOUT
    at TCP.onStreamRead (internal/stream_base_commons.js:111:27), name=MongoNetworkError, errorLabels=[TransientTransactionError]
8/20 05:13:36 [1220] - [33mwarn[39m: read ETIMEDOUT
8/20 05:13:36 [1220] - [33mwarn[39m:  message=read ETIMEDOUT, stack=Error: read ETIMEDOUT
    at TCP.onStreamRead (internal/stream_base_commons.js:111:27), name=MongoNetworkError, errorLabels=[TransientTransactionError]
8/20 05:13:36 [1220] - [33mwarn[39m: read ETIMEDOUT
8/20 05:13:36 [1220] - [33mwarn[39m: read ETIMEDOUT
8/20 05:13:36 [1220] - [33mwarn[39m: read ETIMEDOUT
8/20 05:13:36 [1220] - [33mwarn[39m:  message=read ETIMEDOUT, stack=Error: read ETIMEDOUT
    at TCP.onStreamRead (internal/stream_base_commons.js:111:27), name=MongoNetworkError, errorLabels=[TransientTransactionError]
8/20 05:13:36 [1220] - [33mwarn[39m: read ETIMEDOUT
8/20 05:13:36 [1220] - [33mwarn[39m:  message=read ETIMEDOUT, stack=Error: read ETIMEDOUT
    at TCP.onStreamRead (internal/stream_base_commons.js:111:27), name=MongoNetworkError, errorLabels=[TransientTransactionError]
8/20 05:13:36 [1220] - [33mwarn[39m: read ETIMEDOUT
8/20 05:13:36 [1220] - [33mwarn[39m:  message=read ETIMEDOUT, stack=Error: read ETIMEDOUT
    at TCP.onStreamRead (internal/stream_base_commons.js:111:27), name=MongoNetworkError, errorLabels=[TransientTransactionError]
8/20 05:13:36 [1220] - [33mwarn[39m: read ETIMEDOUT
8/20 05:13:36 [1220] - [33mwarn[39m:  message=read ETIMEDOUT, stack=Error: read ETIMEDOUT
    at TCP.onStreamRead (internal/stream_base_commons.js:111:27), name=MongoNetworkError, errorLabels=[TransientTransactionError]
8/20 05:13:36 [1220] - [33mwarn[39m:  message=read ETIMEDOUT, stack=Error: read ETIMEDOUT
    at TCP.onStreamRead (internal/stream_base_commons.js:111:27), name=MongoNetworkError, errorLabels=[TransientTransactionError]
8/20 05:13:36 [1220] - [33mwarn[39m: read ETIMEDOUT
8/20 05:13:36 [1220] - [33mwarn[39m:  message=read ETIMEDOUT, stack=Error: read ETIMEDOUT
    at TCP.onStreamRead (internal/stream_base_commons.js:111:27), name=MongoNetworkError, errorLabels=[TransientTransactionError]
8/20 05:13:36 [1220] - [33mwarn[39m: read ETIMEDOUT
8/20 05:13:36 [1220] - [33mwarn[39m:  message=read ETIMEDOUT, stack=Error: read ETIMEDOUT
    at TCP.onStreamRead (internal/stream_base_commons.js:111:27), name=MongoNetworkError, errorLabels=[TransientTransactionError]
8/20 05:13:36 [1220] - [33mwarn[39m: read ETIMEDOUT
8/20 05:13:36 [1220] - [33mwarn[39m:  message=read ETIMEDOUT, stack=Error: read ETIMEDOUT
    at TCP.onStreamRead (internal/stream_base_commons.js:111:27), name=MongoNetworkError, errorLabels=[TransientTransactionError]
8/20 05:13:36 [1220] - [33mwarn[39m: read ETIMEDOUT
8/20 05:13:36 [1220] - [33mwarn[39m:  message=read ETIMEDOUT, stack=Error: read ETIMEDOUT
    at TCP.onStreamRead (internal/stream_base_commons.js:111:27), name=MongoNetworkError, errorLabels=[TransientTransactionError]
8/20 05:13:36 [1220] - [33mwarn[39m: read ETIMEDOUT
8/20 05:13:36 [1220] - [33mwarn[39m:  message=read ETIMEDOUT, stack=Error: read ETIMEDOUT
    at TCP.onStreamRead (internal/stream_base_commons.js:111:27), name=MongoNetworkError, errorLabels=[TransientTransactionError]
8/20 05:13:36 [1220] - [33mwarn[39m: read ETIMEDOUT
8/20 05:13:36 [1220] - [33mwarn[39m:  message=read ETIMEDOUT, stack=Error: read ETIMEDOUT
    at TCP.onStreamRead (internal/stream_base_commons.js:111:27), name=MongoNetworkError, errorLabels=[TransientTransactionError]
8/20 05:13:36 [1220] - [33mwarn[39m: read ETIMEDOUT
8/20 05:13:36 [1220] - [33mwarn[39m:  message=read ETIMEDOUT, stack=Error: read ETIMEDOUT
    at TCP.onStreamRead (internal/stream_base_commons.js:111:27), name=MongoNetworkError, errorLabels=[TransientTransactionError]
8/20 05:13:36 [1220] - [33mwarn[39m:  message=read ETIMEDOUT, stack=Error: read ETIMEDOUT
    at TCP.onStreamRead (internal/stream_base_commons.js:111:27), name=MongoNetworkError, errorLabels=[TransientTransactionError]
8/20 05:13:36 [1220] - [33mwarn[39m: read ETIMEDOUT
8/20 05:13:36 [1220] - [33mwarn[39m:  message=read ETIMEDOUT, stack=Error: read ETIMEDOUT
    at TCP.onStreamRead (internal/stream_base_commons.js:111:27), name=MongoNetworkError, errorLabels=[TransientTransactionError]
8/20 05:13:36 [1220] - [33mwarn[39m: read ETIMEDOUT
8/20 05:13:36 [1220] - [33mwarn[39m:  message=read ETIMEDOUT, stack=Error: read ETIMEDOUT
    at TCP.onStreamRead (internal/stream_base_commons.js:111:27), name=MongoNetworkError, errorLabels=[TransientTransactionError]
8/20 05:13:36 [1220] - [33mwarn[39m: read ETIMEDOUT
8/20 05:13:36 [1220] - [33mwarn[39m: read ETIMEDOUT
8/20 05:13:36 [1220] - [33mwarn[39m: read ETIMEDOUT
8/20 05:13:36 [1220] - [33mwarn[39m:  message=read ETIMEDOUT, stack=Error: read ETIMEDOUT
    at TCP.onStreamRead (internal/stream_base_commons.js:111:27), name=MongoNetworkError, errorLabels=[TransientTransactionError]
8/20 05:13:36 [1220] - [33mwarn[39m: read ETIMEDOUT
8/20 05:13:36 [1220] - [33mwarn[39m:  message=read ETIMEDOUT, stack=Error: read ETIMEDOUT
    at TCP.onStreamRead (internal/stream_base_commons.js:111:27), name=MongoNetworkError, errorLabels=[TransientTransactionError]
8/20 05:13:36 [1220] - [33mwarn[39m: read ETIMEDOUT
8/20 05:13:36 [1220] - [33mwarn[39m:  message=read ETIMEDOUT, stack=Error: read ETIMEDOUT
    at TCP.onStreamRead (internal/stream_base_commons.js:111:27), name=MongoNetworkError, errorLabels=[TransientTransactionError]
8/20 05:13:36 [1220] - [33mwarn[39m: read ETIMEDOUT
8/20 05:13:36 [1220] - [33mwarn[39m:  message=read ETIMEDOUT, stack=Error: read ETIMEDOUT
    at TCP.onStreamRead (internal/stream_base_commons.js:111:27), name=MongoNetworkError, errorLabels=[TransientTransactionError]
8/20 05:13:36 [1220] - [33mwarn[39m: read ETIMEDOUT
8/20 05:13:36 [1220] - [33mwarn[39m:  message=read ETIMEDOUT, stack=Error: read ETIMEDOUT
    at TCP.onStreamRead (internal/stream_base_commons.js:111:27), name=MongoNetworkError, errorLabels=[TransientTransactionError]
8/20 05:13:36 [1220] - [33mwarn[39m: read ETIMEDOUT
8/20 05:13:36 [1220] - [33mwarn[39m:  message=read ETIMEDOUT, stack=Error: read ETIMEDOUT
    at TCP.onStreamRead (internal/stream_base_commons.js:111:27), name=MongoNetworkError, errorLabels=[TransientTransactionError]
8/20 05:13:36 [1220] - [33mwarn[39m:  message=read ETIMEDOUT, stack=Error: read ETIMEDOUT
    at TCP.onStreamRead (internal/stream_base_commons.js:111:27), name=MongoNetworkError, errorLabels=[TransientTransactionError]
8/20 05:13:36 [1220] - [33mwarn[39m: read ETIMEDOUT
8/20 05:13:36 [1220] - [33mwarn[39m:  message=read ETIMEDOUT, stack=Error: read ETIMEDOUT
    at TCP.onStreamRead (internal/stream_base_commons.js:111:27), name=MongoNetworkError, errorLabels=[TransientTransactionError]
8/20 05:13:36 [1220] - [33mwarn[39m: read ETIMEDOUT
8/20 05:13:36 [1220] - [33mwarn[39m:  message=read ETIMEDOUT, stack=Error: read ETIMEDOUT
    at TCP.onStreamRead (internal/stream_base_commons.js:111:27), name=MongoNetworkError, errorLabels=[TransientTransactionError]
8/20 05:13:36 [1220] - [33mwarn[39m: read ETIMEDOUT
8/20 05:13:36 [1220] - [33mwarn[39m:  message=read ETIMEDOUT, stack=Error: read ETIMEDOUT
    at TCP.onStreamRead (internal/stream_base_commons.js:111:27), name=MongoNetworkError, errorLabels=[TransientTransactionError]
8/20 05:13:36 [1220] - [33mwarn[39m:  message=read ETIMEDOUT, stack=Error: read ETIMEDOUT
    at TCP.onStreamRead (internal/stream_base_commons.js:111:27), name=MongoNetworkError, errorLabels=[TransientTransactionError]
8/20 05:13:36 [1220] - [33mwarn[39m: read ETIMEDOUT
8/20 05:13:36 [1220] - [33mwarn[39m:  message=read ETIMEDOUT, stack=Error: read ETIMEDOUT
    at TCP.onStreamRead (internal/stream_base_commons.js:111:27), name=MongoNetworkError, errorLabels=[TransientTransactionError]
8/20 05:13:36 [1220] - [33mwarn[39m: read ETIMEDOUT
8/20 05:13:36 [1220] - [33mwarn[39m:  message=read ETIMEDOUT, stack=Error: read ETIMEDOUT
    at TCP.onStreamRead (internal/stream_base_commons.js:111:27), name=MongoNetworkError, errorLabels=[TransientTransactionError]
8/20 05:13:36 [1220] - [33mwarn[39m: read ETIMEDOUT
8/20 05:13:36 [1220] - [33mwarn[39m:  message=read ETIMEDOUT, stack=Error: read ETIMEDOUT
    at TCP.onStreamRead (internal/stream_base_commons.js:111:27), name=MongoNetworkError, errorLabels=[TransientTransactionError]
8/20 05:13:36 [1220] - [33mwarn[39m:  message=read ETIMEDOUT, stack=Error: read ETIMEDOUT
    at TCP.onStreamRead (internal/stream_base_commons.js:111:27), name=MongoNetworkError, errorLabels=[TransientTransactionError]
8/20 05:13:36 [1220] - [33mwarn[39m:  message=read ETIMEDOUT, stack=Error: read ETIMEDOUT
    at TCP.onStreamRead (internal/stream_base_commons.js:111:27), name=MongoNetworkError, errorLabels=[TransientTransactionError]
8/20 05:13:36 [1220] - [33mwarn[39m: read ETIMEDOUT
8/20 05:13:36 [1220] - [33mwarn[39m:  message=read ETIMEDOUT, stack=Error: read ETIMEDOUT
    at TCP.onStreamRead (internal/stream_base_commons.js:111:27), name=MongoNetworkError, errorLabels=[TransientTransactionError]
8/20 05:13:36 [1220] - [33mwarn[39m: read ETIMEDOUT
8/20 05:13:36 [1220] - [33mwarn[39m:  message=read ETIMEDOUT, stack=Error: read ETIMEDOUT
    at TCP.onStreamRead (internal/stream_base_commons.js:111:27), name=MongoNetworkError, errorLabels=[TransientTransactionError]
8/20 05:13:36 [1220] - [33mwarn[39m: read ETIMEDOUT
8/20 05:13:36 [1220] - [33mwarn[39m: read ETIMEDOUT
8/20 05:13:36 [1220] - [33mwarn[39m:  message=read ETIMEDOUT, stack=Error: read ETIMEDOUT
    at TCP.onStreamRead (internal/stream_base_commons.js:111:27), name=MongoNetworkError, errorLabels=[TransientTransactionError]
8/20 05:13:36 [1220] - [33mwarn[39m:  message=read ETIMEDOUT, stack=Error: read ETIMEDOUT
    at TCP.onStreamRead (internal/stream_base_commons.js:111:27), name=MongoNetworkError, errorLabels=[TransientTransactionError]
8/20 05:13:36 [1220] - [33mwarn[39m: read ETIMEDOUT
8/20 05:13:36 [1220] - [33mwarn[39m:  message=read ETIMEDOUT, stack=Error: read ETIMEDOUT
    at TCP.onStreamRead (internal/stream_base_commons.js:111:27), name=MongoNetworkError, errorLabels=[TransientTransactionError]
8/20 05:13:36 [1220] - [33mwarn[39m: read ETIMEDOUT
8/20 05:13:36 [1220] - [33mwarn[39m:  message=read ETIMEDOUT, stack=Error: read ETIMEDOUT
    at TCP.onStreamRead (internal/stream_base_commons.js:111:27), name=MongoNetworkError, errorLabels=[TransientTransactionError]
8/20 05:14:08 [1220] - [33mwarn[39m: read ETIMEDOUT
8/20 05:14:08 [1220] - [33mwarn[39m: read ETIMEDOUT
8/20 05:14:08 [1220] - [33mwarn[39m:  message=read ETIMEDOUT, stack=Error: read ETIMEDOUT
    at TCP.onStreamRead (internal/stream_base_commons.js:111:27), name=MongoNetworkError, errorLabels=[TransientTransactionError]
8/20 05:14:08 [1220] - [33mwarn[39m: read ETIMEDOUT
8/20 05:14:08 [1220] - [33mwarn[39m: read ETIMEDOUT
8/20 05:14:08 [1220] - [33mwarn[39m:  message=read ETIMEDOUT, stack=Error: read ETIMEDOUT
    at TCP.onStreamRead (internal/stream_base_commons.js:111:27), name=MongoNetworkError, errorLabels=[TransientTransactionError]
8/20 05:14:08 [1220] - [33mwarn[39m: read ETIMEDOUT
8/20 05:14:08 [1220] - [33mwarn[39m:  message=read ETIMEDOUT, stack=Error: read ETIMEDOUT
    at TCP.onStreamRead (internal/stream_base_commons.js:111:27), name=MongoNetworkError, errorLabels=[TransientTransactionError]
8/20 05:14:08 [1220] - [33mwarn[39m: read ETIMEDOUT
8/20 05:14:08 [1220] - [33mwarn[39m: read ETIMEDOUT
8/20 05:14:08 [1220] - [33mwarn[39m:  message=read ETIMEDOUT, stack=Error: read ETIMEDOUT
    at TCP.onStreamRead (internal/stream_base_commons.js:111:27), name=MongoNetworkError, errorLabels=[TransientTransactionError]
8/20 05:14:08 [1220] - [33mwarn[39m: read ETIMEDOUT
8/20 05:14:08 [1220] - [33mwarn[39m:  message=read ETIMEDOUT, stack=Error: read ETIMEDOUT
    at TCP.onStreamRead (internal/stream_base_commons.js:111:27), name=MongoNetworkError, errorLabels=[TransientTransactionError]
8/20 05:14:08 [1220] - [33mwarn[39m: read ETIMEDOUT
8/20 05:14:08 [1220] - [33mwarn[39m: read ETIMEDOUT
8/20 05:14:08 [1220] - [33mwarn[39m: read ETIMEDOUT
8/20 05:14:08 [1220] - [33mwarn[39m:  message=read ETIMEDOUT, stack=Error: read ETIMEDOUT
    at TCP.onStreamRead (internal/stream_base_commons.js:111:27), name=MongoNetworkError, errorLabels=[TransientTransactionError]
8/20 05:14:08 [1220] - [33mwarn[39m: read ETIMEDOUT
8/20 05:14:08 [1220] - [33mwarn[39m:  message=read ETIMEDOUT, stack=Error: read ETIMEDOUT
    at TCP.onStreamRead (internal/stream_base_commons.js:111:27), name=MongoNetworkError, errorLabels=[TransientTransactionError]
8/20 05:14:08 [1220] - [33mwarn[39m: read ETIMEDOUT
8/20 05:14:08 [1220] - [33mwarn[39m:  message=read ETIMEDOUT, stack=Error: read ETIMEDOUT
    at TCP.onStreamRead (internal/stream_base_commons.js:111:27), name=MongoNetworkError, errorLabels=[TransientTransactionError]
8/20 05:14:08 [1220] - [33mwarn[39m: read ETIMEDOUT
8/20 05:14:08 [1220] - [33mwarn[39m:  message=read ETIMEDOUT, stack=Error: read ETIMEDOUT
    at TCP.onStreamRead (internal/stream_base_commons.js:111:27), name=MongoNetworkError, errorLabels=[TransientTransactionError]
8/20 05:14:08 [1220] - [33mwarn[39m:  message=read ETIMEDOUT, stack=Error: read ETIMEDOUT
    at TCP.onStreamRead (internal/stream_base_commons.js:111:27), name=MongoNetworkError, errorLabels=[TransientTransactionError]
8/20 05:14:08 [1220] - [33mwarn[39m: read ETIMEDOUT
8/20 05:14:08 [1220] - [33mwarn[39m:  message=read ETIMEDOUT, stack=Error: read ETIMEDOUT
    at TCP.onStreamRead (internal/stream_base_commons.js:111:27), name=MongoNetworkError, errorLabels=[TransientTransactionError]
8/20 05:14:08 [1220] - [33mwarn[39m: read ETIMEDOUT
8/20 05:14:08 [1220] - [33mwarn[39m:  message=read ETIMEDOUT, stack=Error: read ETIMEDOUT
    at TCP.onStreamRead (internal/stream_base_commons.js:111:27), name=MongoNetworkError, errorLabels=[TransientTransactionError]
8/20 05:14:08 [1220] - [33mwarn[39m: read ETIMEDOUT
8/20 05:14:08 [1220] - [33mwarn[39m:  message=read ETIMEDOUT, stack=Error: read ETIMEDOUT
    at TCP.onStreamRead (internal/stream_base_commons.js:111:27), name=MongoNetworkError, errorLabels=[TransientTransactionError]
8/20 05:14:08 [1220] - [33mwarn[39m: read ETIMEDOUT
8/20 05:14:08 [1220] - [33mwarn[39m:  message=read ETIMEDOUT, stack=Error: read ETIMEDOUT
    at TCP.onStreamRead (internal/stream_base_commons.js:111:27), name=MongoNetworkError, errorLabels=[TransientTransactionError]
8/20 05:14:08 [1220] - [33mwarn[39m: read ETIMEDOUT
8/20 05:14:08 [1220] - [33mwarn[39m:  message=read ETIMEDOUT, stack=Error: read ETIMEDOUT
    at TCP.onStreamRead (internal/stream_base_commons.js:111:27), name=MongoNetworkError, errorLabels=[TransientTransactionError]
8/20 05:14:08 [1220] - [33mwarn[39m:  message=read ETIMEDOUT, stack=Error: read ETIMEDOUT
    at TCP.onStreamRead (internal/stream_base_commons.js:111:27), name=MongoNetworkError, errorLabels=[TransientTransactionError]
8/20 05:14:08 [1220] - [33mwarn[39m: read ETIMEDOUT
8/20 05:14:08 [1220] - [33mwarn[39m:  message=read ETIMEDOUT, stack=Error: read ETIMEDOUT
    at TCP.onStreamRead (internal/stream_base_commons.js:111:27), name=MongoNetworkError, errorLabels=[TransientTransactionError]
8/20 05:14:08 [1220] - [33mwarn[39m: read ETIMEDOUT
8/20 05:14:08 [1220] - [33mwarn[39m:  message=read ETIMEDOUT, stack=Error: read ETIMEDOUT
    at TCP.onStreamRead (internal/stream_base_commons.js:111:27), name=MongoNetworkError, errorLabels=[TransientTransactionError]
8/20 05:14:08 [1220] - [33mwarn[39m: read ETIMEDOUT
8/20 05:14:08 [1220] - [33mwarn[39m: read ETIMEDOUT
8/20 05:14:08 [1220] - [33mwarn[39m: read ETIMEDOUT
8/20 05:14:08 [1220] - [33mwarn[39m:  message=read ETIMEDOUT, stack=Error: read ETIMEDOUT
    at TCP.onStreamRead (internal/stream_base_commons.js:111:27), name=MongoNetworkError, errorLabels=[TransientTransactionError]
8/20 05:14:08 [1220] - [33mwarn[39m: read ETIMEDOUT
8/20 05:14:08 [1220] - [33mwarn[39m:  message=read ETIMEDOUT, stack=Error: read ETIMEDOUT
    at TCP.onStreamRead (internal/stream_base_commons.js:111:27), name=MongoNetworkError, errorLabels=[TransientTransactionError]
8/20 05:14:08 [1220] - [33mwarn[39m: read ETIMEDOUT
8/20 05:14:08 [1220] - [33mwarn[39m:  message=read ETIMEDOUT, stack=Error: read ETIMEDOUT
    at TCP.onStreamRead (internal/stream_base_commons.js:111:27), name=MongoNetworkError, errorLabels=[TransientTransactionError]
8/20 05:14:08 [1220] - [33mwarn[39m: read ETIMEDOUT
8/20 05:14:08 [1220] - [33mwarn[39m:  message=read ETIMEDOUT, stack=Error: read ETIMEDOUT
    at TCP.onStreamRead (internal/stream_base_commons.js:111:27), name=MongoNetworkError, errorLabels=[TransientTransactionError]
8/20 05:14:08 [1220] - [33mwarn[39m: read ETIMEDOUT
8/20 05:14:08 [1220] - [33mwarn[39m:  message=read ETIMEDOUT, stack=Error: read ETIMEDOUT
    at TCP.onStreamRead (internal/stream_base_commons.js:111:27), name=MongoNetworkError, errorLabels=[TransientTransactionError]
8/20 05:14:08 [1220] - [33mwarn[39m: read ETIMEDOUT
8/20 05:14:08 [1220] - [33mwarn[39m:  message=read ETIMEDOUT, stack=Error: read ETIMEDOUT
    at TCP.onStreamRead (internal/stream_base_commons.js:111:27), name=MongoNetworkError, errorLabels=[TransientTransactionError]
8/20 05:14:08 [1220] - [33mwarn[39m: read ETIMEDOUT
8/20 05:14:08 [1220] - [33mwarn[39m: read ETIMEDOUT
8/20 05:14:08 [1220] - [33mwarn[39m:  message=read ETIMEDOUT, stack=Error: read ETIMEDOUT
    at TCP.onStreamRead (internal/stream_base_commons.js:111:27), name=MongoNetworkError, errorLabels=[TransientTransactionError]
8/20 05:14:08 [1220] - [33mwarn[39m: read ETIMEDOUT
8/20 05:14:08 [1220] - [33mwarn[39m:  message=read ETIMEDOUT, stack=Error: read ETIMEDOUT
    at TCP.onStreamRead (internal/stream_base_commons.js:111:27), name=MongoNetworkError, errorLabels=[TransientTransactionError]
8/20 05:14:08 [1220] - [33mwarn[39m: read ETIMEDOUT
8/20 05:14:08 [1220] - [33mwarn[39m:  message=read ETIMEDOUT, stack=Error: read ETIMEDOUT
    at TCP.onStreamRead (internal/stream_base_commons.js:111:27), name=MongoNetworkError, errorLabels=[TransientTransactionError]
8/20 05:14:08 [1220] - [33mwarn[39m: read ETIMEDOUT
8/20 05:14:08 [1220] - [33mwarn[39m:  message=read ETIMEDOUT, stack=Error: read ETIMEDOUT
    at TCP.onStreamRead (internal/stream_base_commons.js:111:27), name=MongoNetworkError, errorLabels=[TransientTransactionError]
8/20 05:14:08 [1220] - [33mwarn[39m: read ETIMEDOUT
8/20 05:14:08 [1220] - [33mwarn[39m:  message=read ETIMEDOUT, stack=Error: read ETIMEDOUT
    at TCP.onStreamRead (internal/stream_base_commons.js:111:27), name=MongoNetworkError, errorLabels=[TransientTransactionError]
8/20 05:14:08 [1220] - [33mwarn[39m: read ETIMEDOUT
8/20 05:14:08 [1220] - [33mwarn[39m:  message=read ETIMEDOUT, stack=Error: read ETIMEDOUT
    at TCP.onStreamRead (internal/stream_base_commons.js:111:27), name=MongoNetworkError, errorLabels=[TransientTransactionError]
8/20 05:14:08 [1220] - [33mwarn[39m: read ETIMEDOUT
8/20 05:14:08 [1220] - [33mwarn[39m:  message=read ETIMEDOUT, stack=Error: read ETIMEDOUT
    at TCP.onStreamRead (internal/stream_base_commons.js:111:27), name=MongoNetworkError, errorLabels=[TransientTransactionError]
8/20 05:14:08 [1220] - [33mwarn[39m: read ETIMEDOUT
8/20 05:14:08 [1220] - [33mwarn[39m:  message=read ETIMEDOUT, stack=Error: read ETIMEDOUT
    at TCP.onStreamRead (internal/stream_base_commons.js:111:27), name=MongoNetworkError, errorLabels=[TransientTransactionError]
8/20 05:14:08 [1220] - [33mwarn[39m:  message=read ETIMEDOUT, stack=Error: read ETIMEDOUT
    at TCP.onStreamRead (internal/stream_base_commons.js:111:27), name=MongoNetworkError, errorLabels=[TransientTransactionError]
8/20 05:14:08 [1220] - [33mwarn[39m: read ETIMEDOUT
8/20 05:14:08 [1220] - [33mwarn[39m:  message=read ETIMEDOUT, stack=Error: read ETIMEDOUT
    at TCP.onStreamRead (internal/stream_base_commons.js:111:27), name=MongoNetworkError, errorLabels=[TransientTransactionError]
8/20 05:14:08 [1220] - [33mwarn[39m: read ETIMEDOUT
8/20 05:14:08 [1220] - [33mwarn[39m:  message=read ETIMEDOUT, stack=Error: read ETIMEDOUT
    at TCP.onStreamRead (internal/stream_base_commons.js:111:27), name=MongoNetworkError, errorLabels=[TransientTransactionError]
8/20 05:14:08 [1220] - [33mwarn[39m: read ETIMEDOUT
8/20 05:14:08 [1220] - [33mwarn[39m:  message=read ETIMEDOUT, stack=Error: read ETIMEDOUT
    at TCP.onStreamRead (internal/stream_base_commons.js:111:27), name=MongoNetworkError, errorLabels=[TransientTransactionError]
8/20 05:14:08 [1220] - [33mwarn[39m: read ETIMEDOUT
8/20 05:14:08 [1220] - [33mwarn[39m:  message=read ETIMEDOUT, stack=Error: read ETIMEDOUT
    at TCP.onStreamRead (internal/stream_base_commons.js:111:27), name=MongoNetworkError, errorLabels=[TransientTransactionError]
8/20 05:14:08 [1220] - [33mwarn[39m: read ETIMEDOUT
8/20 05:14:08 [1220] - [33mwarn[39m:  message=read ETIMEDOUT, stack=Error: read ETIMEDOUT
    at TCP.onStreamRead (internal/stream_base_commons.js:111:27), name=MongoNetworkError, errorLabels=[TransientTransactionError]
8/20 05:14:08 [1220] - [33mwarn[39m: read ETIMEDOUT
8/20 05:14:08 [1220] - [33mwarn[39m:  message=read ETIMEDOUT, stack=Error: read ETIMEDOUT
    at TCP.onStreamRead (internal/stream_base_commons.js:111:27), name=MongoNetworkError, errorLabels=[TransientTransactionError]
8/20 05:14:08 [1220] - [33mwarn[39m:  message=read ETIMEDOUT, stack=Error: read ETIMEDOUT
    at TCP.onStreamRead (internal/stream_base_commons.js:111:27), name=MongoNetworkError, errorLabels=[TransientTransactionError]
8/20 05:14:08 [1220] - [33mwarn[39m:  message=read ETIMEDOUT, stack=Error: read ETIMEDOUT
    at TCP.onStreamRead (internal/stream_base_commons.js:111:27), name=MongoNetworkError, errorLabels=[TransientTransactionError]
8/20 05:14:08 [1220] - [33mwarn[39m: read ETIMEDOUT
8/20 05:14:08 [1220] - [33mwarn[39m:  message=read ETIMEDOUT, stack=Error: read ETIMEDOUT
    at TCP.onStreamRead (internal/stream_base_commons.js:111:27), name=MongoNetworkError, errorLabels=[TransientTransactionError]
8/20 05:14:08 [1220] - [33mwarn[39m: read ETIMEDOUT
8/20 05:14:08 [1220] - [33mwarn[39m:  message=read ETIMEDOUT, stack=Error: read ETIMEDOUT
    at TCP.onStreamRead (internal/stream_base_commons.js:111:27), name=MongoNetworkError, errorLabels=[TransientTransactionError]
8/20 05:14:08 [1220] - [33mwarn[39m: read ETIMEDOUT
8/20 05:14:08 [1220] - [33mwarn[39m: read ETIMEDOUT
8/20 05:14:08 [1220] - [33mwarn[39m:  message=read ETIMEDOUT, stack=Error: read ETIMEDOUT
    at TCP.onStreamRead (internal/stream_base_commons.js:111:27), name=MongoNetworkError, errorLabels=[TransientTransactionError]
8/20 05:14:08 [1220] - [33mwarn[39m: read ETIMEDOUT
8/20 05:14:08 [1220] - [33mwarn[39m:  message=read ETIMEDOUT, stack=Error: read ETIMEDOUT
    at TCP.onStreamRead (internal/stream_base_commons.js:111:27), name=MongoNetworkError, errorLabels=[TransientTransactionError]
8/20 05:14:08 [1220] - [33mwarn[39m: read ETIMEDOUT
8/20 05:14:08 [1220] - [33mwarn[39m:  message=read ETIMEDOUT, stack=Error: read ETIMEDOUT
    at TCP.onStreamRead (internal/stream_base_commons.js:111:27), name=MongoNetworkError, errorLabels=[TransientTransactionError]
8/20 05:14:08 [1220] - [33mwarn[39m: read ETIMEDOUT
8/20 05:14:08 [1220] - [33mwarn[39m: read ETIMEDOUT
8/20 05:14:08 [1220] - [33mwarn[39m:  message=read ETIMEDOUT, stack=Error: read ETIMEDOUT
    at TCP.onStreamRead (internal/stream_base_commons.js:111:27), name=MongoNetworkError, errorLabels=[TransientTransactionError]
8/20 05:14:08 [1220] - [33mwarn[39m: read ETIMEDOUT
8/20 05:14:08 [1220] - [33mwarn[39m:  message=read ETIMEDOUT, stack=Error: read ETIMEDOUT
    at TCP.onStreamRead (internal/stream_base_commons.js:111:27), name=MongoNetworkError, errorLabels=[TransientTransactionError]
8/20 05:14:08 [1220] - [33mwarn[39m: read ETIMEDOUT
8/20 05:14:08 [1220] - [33mwarn[39m: read ETIMEDOUT
8/20 05:14:08 [1220] - [33mwarn[39m: read ETIMEDOUT
8/20 05:14:21 [1220] - [33mwarn[39m:  message=read ETIMEDOUT, stack=Error: read ETIMEDOUT
    at TCP.onStreamRead (internal/stream_base_commons.js:111:27), name=MongoNetworkError, errorLabels=[TransientTransactionError]
8/20 05:14:21 [1220] - [33mwarn[39m: read ETIMEDOUT
8/20 05:14:21 [1220] - [33mwarn[39m:  message=read ETIMEDOUT, stack=Error: read ETIMEDOUT
    at TCP.onStreamRead (internal/stream_base_commons.js:111:27), name=MongoNetworkError, errorLabels=[TransientTransactionError]
8/20 05:14:21 [1220] - [33mwarn[39m: read ETIMEDOUT
8/20 05:14:21 [1220] - [33mwarn[39m:  message=read ETIMEDOUT, stack=Error: read ETIMEDOUT
    at TCP.onStreamRead (internal/stream_base_commons.js:111:27), name=MongoNetworkError, errorLabels=[TransientTransactionError]
8/20 05:14:21 [1220] - [33mwarn[39m: read ETIMEDOUT
8/20 05:14:21 [1220] - [33mwarn[39m:  message=read ETIMEDOUT, stack=Error: read ETIMEDOUT
    at TCP.onStreamRead (internal/stream_base_commons.js:111:27), name=MongoNetworkError, errorLabels=[TransientTransactionError]
8/20 05:14:21 [1220] - [33mwarn[39m: read ETIMEDOUT
8/20 05:14:21 [1220] - [33mwarn[39m:  message=read ETIMEDOUT, stack=Error: read ETIMEDOUT
    at TCP.onStreamRead (internal/stream_base_commons.js:111:27), name=MongoNetworkError, errorLabels=[TransientTransactionError]
8/20 05:14:21 [1220] - [33mwarn[39m:  message=read ETIMEDOUT, stack=Error: read ETIMEDOUT
    at TCP.onStreamRead (internal/stream_base_commons.js:111:27), name=MongoNetworkError, errorLabels=[TransientTransactionError]
8/20 05:14:21 [1220] - [33mwarn[39m: read ETIMEDOUT
8/20 05:14:21 [1220] - [33mwarn[39m:  message=read ETIMEDOUT, stack=Error: read ETIMEDOUT
    at TCP.onStreamRead (internal/stream_base_commons.js:111:27), name=MongoNetworkError, errorLabels=[TransientTransactionError]
8/20 05:14:21 [1220] - [33mwarn[39m: read ETIMEDOUT
8/20 05:14:21 [1220] - [33mwarn[39m:  message=read ETIMEDOUT, stack=Error: read ETIMEDOUT
    at TCP.onStreamRead (internal/stream_base_commons.js:111:27), name=MongoNetworkError, errorLabels=[TransientTransactionError]
8/20 05:14:21 [1220] - [33mwarn[39m:  message=read ETIMEDOUT, stack=Error: read ETIMEDOUT
    at TCP.onStreamRead (internal/stream_base_commons.js:111:27), name=MongoNetworkError, errorLabels=[TransientTransactionError]
8/20 05:14:21 [1220] - [33mwarn[39m: read ETIMEDOUT
8/20 05:14:21 [1220] - [33mwarn[39m:  message=read ETIMEDOUT, stack=Error: read ETIMEDOUT
    at TCP.onStreamRead (internal/stream_base_commons.js:111:27), name=MongoNetworkError, errorLabels=[TransientTransactionError]
8/20 05:14:21 [1220] - [33mwarn[39m: read ETIMEDOUT
8/20 05:14:21 [1220] - [33mwarn[39m:  message=read ETIMEDOUT, stack=Error: read ETIMEDOUT
    at TCP.onStreamRead (internal/stream_base_commons.js:111:27), name=MongoNetworkError, errorLabels=[TransientTransactionError]
8/20 05:14:21 [1220] - [33mwarn[39m: read ETIMEDOUT
8/20 05:14:21 [1220] - [33mwarn[39m:  message=read ETIMEDOUT, stack=Error: read ETIMEDOUT
    at TCP.onStreamRead (internal/stream_base_commons.js:111:27), name=MongoNetworkError, errorLabels=[TransientTransactionError]
8/20 05:14:21 [1220] - [33mwarn[39m:  message=read ETIMEDOUT, stack=Error: read ETIMEDOUT
    at TCP.onStreamRead (internal/stream_base_commons.js:111:27), name=MongoNetworkError, errorLabels=[TransientTransactionError]
8/20 05:14:21 [1220] - [33mwarn[39m: read ETIMEDOUT
8/20 05:14:21 [1220] - [33mwarn[39m:  message=read ETIMEDOUT, stack=Error: read ETIMEDOUT
    at TCP.onStreamRead (internal/stream_base_commons.js:111:27), name=MongoNetworkError, errorLabels=[TransientTransactionError]
8/20 05:14:21 [1220] - [33mwarn[39m: read ETIMEDOUT
8/20 05:14:21 [1220] - [33mwarn[39m:  message=read ETIMEDOUT, stack=Error: read ETIMEDOUT
    at TCP.onStreamRead (internal/stream_base_commons.js:111:27), name=MongoNetworkError, errorLabels=[TransientTransactionError]
8/20 05:14:21 [1220] - [33mwarn[39m: read ETIMEDOUT
8/20 05:14:21 [1220] - [33mwarn[39m:  message=read ETIMEDOUT, stack=Error: read ETIMEDOUT
    at TCP.onStreamRead (internal/stream_base_commons.js:111:27), name=MongoNetworkError, errorLabels=[TransientTransactionError]
8/20 05:14:21 [1220] - [33mwarn[39m:  message=read ETIMEDOUT, stack=Error: read ETIMEDOUT
    at TCP.onStreamRead (internal/stream_base_commons.js:111:27), name=MongoNetworkError, errorLabels=[TransientTransactionError]
8/20 05:14:21 [1220] - [33mwarn[39m: read ETIMEDOUT
8/20 05:14:21 [1220] - [33mwarn[39m:  message=read ETIMEDOUT, stack=Error: read ETIMEDOUT
    at TCP.onStreamRead (internal/stream_base_commons.js:111:27), name=MongoNetworkError, errorLabels=[TransientTransactionError]
8/20 05:14:21 [1220] - [33mwarn[39m: read ETIMEDOUT
8/20 05:14:21 [1220] - [33mwarn[39m:  message=read ETIMEDOUT, stack=Error: read ETIMEDOUT
    at TCP.onStreamRead (internal/stream_base_commons.js:111:27), name=MongoNetworkError, errorLabels=[TransientTransactionError]
8/20 05:14:21 [1220] - [33mwarn[39m: read ETIMEDOUT
8/20 05:14:21 [1220] - [33mwarn[39m:  message=read ETIMEDOUT, stack=Error: read ETIMEDOUT
    at TCP.onStreamRead (internal/stream_base_commons.js:111:27), name=MongoNetworkError, errorLabels=[TransientTransactionError]
8/20 05:14:21 [1220] - [33mwarn[39m:  message=read ETIMEDOUT, stack=Error: read ETIMEDOUT
    at TCP.onStreamRead (internal/stream_base_commons.js:111:27), name=MongoNetworkError, errorLabels=[TransientTransactionError]
8/20 05:14:21 [1220] - [33mwarn[39m:  message=read ETIMEDOUT, stack=Error: read ETIMEDOUT
    at TCP.onStreamRead (internal/stream_base_commons.js:111:27), name=MongoNetworkError, errorLabels=[TransientTransactionError]
8/20 05:14:21 [1220] - [33mwarn[39m: read ETIMEDOUT
8/20 05:14:21 [1220] - [33mwarn[39m:  message=read ETIMEDOUT, stack=Error: read ETIMEDOUT
    at TCP.onStreamRead (internal/stream_base_commons.js:111:27), name=MongoNetworkError, errorLabels=[TransientTransactionError]
8/20 05:14:21 [1220] - [33mwarn[39m: read ETIMEDOUT
8/20 05:14:21 [1220] - [33mwarn[39m:  message=read ETIMEDOUT, stack=Error: read ETIMEDOUT
    at TCP.onStreamRead (internal/stream_base_commons.js:111:27), name=MongoNetworkError, errorLabels=[TransientTransactionError]
8/20 05:14:21 [1220] - [33mwarn[39m: read ETIMEDOUT
8/20 05:14:21 [1220] - [33mwarn[39m: read ETIMEDOUT
8/20 05:14:21 [1220] - [33mwarn[39m:  message=read ETIMEDOUT, stack=Error: read ETIMEDOUT
    at TCP.onStreamRead (internal/stream_base_commons.js:111:27), name=MongoNetworkError, errorLabels=[TransientTransactionError]
8/20 05:14:21 [1220] - [33mwarn[39m: read ETIMEDOUT
8/20 05:14:21 [1220] - [33mwarn[39m:  message=read ETIMEDOUT, stack=Error: read ETIMEDOUT
    at TCP.onStreamRead (internal/stream_base_commons.js:111:27), name=MongoNetworkError, errorLabels=[TransientTransactionError]
8/20 05:14:21 [1220] - [33mwarn[39m: read ETIMEDOUT
8/20 05:14:21 [1220] - [33mwarn[39m:  message=read ETIMEDOUT, stack=Error: read ETIMEDOUT
    at TCP.onStreamRead (internal/stream_base_commons.js:111:27), name=MongoNetworkError, errorLabels=[TransientTransactionError]
8/20 05:14:21 [1220] - [33mwarn[39m: read ETIMEDOUT
8/20 05:14:21 [1220] - [33mwarn[39m:  message=read ETIMEDOUT, stack=Error: read ETIMEDOUT
    at TCP.onStreamRead (internal/stream_base_commons.js:111:27), name=MongoNetworkError, errorLabels=[TransientTransactionError]
8/20 05:14:21 [1220] - [33mwarn[39m: read ETIMEDOUT
8/20 05:14:21 [1220] - [33mwarn[39m:  message=read ETIMEDOUT, stack=Error: read ETIMEDOUT
    at TCP.onStreamRead (internal/stream_base_commons.js:111:27), name=MongoNetworkError, errorLabels=[TransientTransactionError]
8/20 05:14:21 [1220] - [33mwarn[39m: read ETIMEDOUT
8/20 05:14:21 [1220] - [33mwarn[39m:  message=read ETIMEDOUT, stack=Error: read ETIMEDOUT
    at TCP.onStreamRead (internal/stream_base_commons.js:111:27), name=MongoNetworkError, errorLabels=[TransientTransactionError]
8/20 05:14:21 [1220] - [33mwarn[39m: read ETIMEDOUT
8/20 05:14:21 [1220] - [33mwarn[39m:  message=read ETIMEDOUT, stack=Error: read ETIMEDOUT
    at TCP.onStreamRead (internal/stream_base_commons.js:111:27), name=MongoNetworkError, errorLabels=[TransientTransactionError]
8/20 05:14:21 [1220] - [33mwarn[39m:  message=read ETIMEDOUT, stack=Error: read ETIMEDOUT
    at TCP.onStreamRead (internal/stream_base_commons.js:111:27), name=MongoNetworkError, errorLabels=[TransientTransactionError]
8/20 05:14:21 [1220] - [33mwarn[39m: read ETIMEDOUT
8/20 05:14:21 [1220] - [33mwarn[39m:  message=read ETIMEDOUT, stack=Error: read ETIMEDOUT
    at TCP.onStreamRead (internal/stream_base_commons.js:111:27), name=MongoNetworkError, errorLabels=[TransientTransactionError]
8/20 05:14:21 [1220] - [33mwarn[39m: read ETIMEDOUT
8/20 05:14:21 [1220] - [33mwarn[39m:  message=read ETIMEDOUT, stack=Error: read ETIMEDOUT
    at TCP.onStreamRead (internal/stream_base_commons.js:111:27), name=MongoNetworkError, errorLabels=[TransientTransactionError]
8/20 05:14:21 [1220] - [33mwarn[39m: read ETIMEDOUT
8/20 05:14:21 [1220] - [33mwarn[39m:  message=read ETIMEDOUT, stack=Error: read ETIMEDOUT
    at TCP.onStreamRead (internal/stream_base_commons.js:111:27), name=MongoNetworkError, errorLabels=[TransientTransactionError]
8/20 05:14:21 [1220] - [33mwarn[39m: read ETIMEDOUT
8/20 05:14:21 [1220] - [33mwarn[39m:  message=read ETIMEDOUT, stack=Error: read ETIMEDOUT
    at TCP.onStreamRead (internal/stream_base_commons.js:111:27), name=MongoNetworkError, errorLabels=[TransientTransactionError]
8/20 05:14:21 [1220] - [33mwarn[39m: read ETIMEDOUT
8/20 05:14:21 [1220] - [33mwarn[39m:  message=read ETIMEDOUT, stack=Error: read ETIMEDOUT
    at TCP.onStreamRead (internal/stream_base_commons.js:111:27), name=MongoNetworkError, errorLabels=[TransientTransactionError]
8/20 05:14:21 [1220] - [33mwarn[39m: read ETIMEDOUT
8/20 05:14:21 [1220] - [33mwarn[39m:  message=read ETIMEDOUT, stack=Error: read ETIMEDOUT
    at TCP.onStreamRead (internal/stream_base_commons.js:111:27), name=MongoNetworkError, errorLabels=[TransientTransactionError]
8/20 05:14:21 [1220] - [33mwarn[39m: read ETIMEDOUT
8/20 05:14:21 [1220] - [33mwarn[39m: read ETIMEDOUT
8/20 05:14:21 [1220] - [33mwarn[39m: read ETIMEDOUT
8/20 05:14:21 [1220] - [33mwarn[39m:  message=read ETIMEDOUT, stack=Error: read ETIMEDOUT
    at TCP.onStreamRead (internal/stream_base_commons.js:111:27), name=MongoNetworkError, errorLabels=[TransientTransactionError]
8/20 05:14:21 [1220] - [33mwarn[39m: read ETIMEDOUT
8/20 05:14:21 [1220] - [33mwarn[39m:  message=read ETIMEDOUT, stack=Error: read ETIMEDOUT
    at TCP.onStreamRead (internal/stream_base_commons.js:111:27), name=MongoNetworkError, errorLabels=[TransientTransactionError]
8/20 05:14:21 [1220] - [33mwarn[39m: read ETIMEDOUT
8/20 05:14:21 [1220] - [33mwarn[39m:  message=read ETIMEDOUT, stack=Error: read ETIMEDOUT
    at TCP.onStreamRead (internal/stream_base_commons.js:111:27), name=MongoNetworkError, errorLabels=[TransientTransactionError]
8/20 05:14:21 [1220] - [33mwarn[39m: read ETIMEDOUT
8/20 05:14:21 [1220] - [33mwarn[39m:  message=read ETIMEDOUT, stack=Error: read ETIMEDOUT
    at TCP.onStreamRead (internal/stream_base_commons.js:111:27), name=MongoNetworkError, errorLabels=[TransientTransactionError]
8/20 05:14:21 [1220] - [33mwarn[39m: read ETIMEDOUT
8/20 05:14:21 [1220] - [33mwarn[39m:  message=read ETIMEDOUT, stack=Error: read ETIMEDOUT
    at TCP.onStreamRead (internal/stream_base_commons.js:111:27), name=MongoNetworkError, errorLabels=[TransientTransactionError]
8/20 05:14:21 [1220] - [33mwarn[39m: read ETIMEDOUT
8/20 05:14:21 [1220] - [33mwarn[39m:  message=read ETIMEDOUT, stack=Error: read ETIMEDOUT
    at TCP.onStreamRead (internal/stream_base_commons.js:111:27), name=MongoNetworkError, errorLabels=[TransientTransactionError]
8/20 05:14:21 [1220] - [33mwarn[39m: read ETIMEDOUT
8/20 05:14:21 [1220] - [33mwarn[39m: read ETIMEDOUT
8/20 05:14:21 [1220] - [33mwarn[39m:  message=read ETIMEDOUT, stack=Error: read ETIMEDOUT
    at TCP.onStreamRead (internal/stream_base_commons.js:111:27), name=MongoNetworkError, errorLabels=[TransientTransactionError]
8/20 05:14:21 [1220] - [33mwarn[39m: read ETIMEDOUT
8/20 05:14:21 [1220] - [33mwarn[39m:  message=read ETIMEDOUT, stack=Error: read ETIMEDOUT
    at TCP.onStreamRead (internal/stream_base_commons.js:111:27), name=MongoNetworkError, errorLabels=[TransientTransactionError]
8/20 05:14:21 [1220] - [33mwarn[39m: read ETIMEDOUT
8/20 05:14:21 [1220] - [33mwarn[39m:  message=read ETIMEDOUT, stack=Error: read ETIMEDOUT
    at TCP.onStreamRead (internal/stream_base_commons.js:111:27), name=MongoNetworkError, errorLabels=[TransientTransactionError]
8/20 05:14:21 [1220] - [33mwarn[39m: read ETIMEDOUT
8/20 05:14:21 [1220] - [33mwarn[39m: read ETIMEDOUT
8/20 05:14:21 [1220] - [33mwarn[39m:  message=read ETIMEDOUT, stack=Error: read ETIMEDOUT
    at TCP.onStreamRead (internal/stream_base_commons.js:111:27), name=MongoNetworkError, errorLabels=[TransientTransactionError]
8/20 05:14:21 [1220] - [33mwarn[39m: read ETIMEDOUT
8/20 05:14:21 [1220] - [33mwarn[39m:  message=read ETIMEDOUT, stack=Error: read ETIMEDOUT
    at TCP.onStreamRead (internal/stream_base_commons.js:111:27), name=MongoNetworkError, errorLabels=[TransientTransactionError]
8/20 05:14:21 [1220] - [33mwarn[39m: read ETIMEDOUT
8/20 05:14:21 [1220] - [33mwarn[39m:  message=read ETIMEDOUT, stack=Error: read ETIMEDOUT
    at TCP.onStreamRead (internal/stream_base_commons.js:111:27), name=MongoNetworkError, errorLabels=[TransientTransactionError]
8/20 05:14:21 [1220] - [33mwarn[39m: read ETIMEDOUT
8/20 05:14:21 [1220] - [33mwarn[39m:  message=read ETIMEDOUT, stack=Error: read ETIMEDOUT
    at TCP.onStreamRead (internal/stream_base_commons.js:111:27), name=MongoNetworkError, errorLabels=[TransientTransactionError]
8/20 05:14:21 [1220] - [33mwarn[39m:  message=read ETIMEDOUT, stack=Error: read ETIMEDOUT
    at TCP.onStreamRead (internal/stream_base_commons.js:111:27), name=MongoNetworkError, errorLabels=[TransientTransactionError]
8/20 05:14:21 [1220] - [33mwarn[39m: read ETIMEDOUT
8/20 05:14:21 [1220] - [33mwarn[39m:  message=read ETIMEDOUT, stack=Error: read ETIMEDOUT
    at TCP.onStreamRead (internal/stream_base_commons.js:111:27), name=MongoNetworkError, errorLabels=[TransientTransactionError]
8/20 05:14:21 [1220] - [33mwarn[39m: read ETIMEDOUT
8/20 05:14:21 [1220] - [33mwarn[39m: read ETIMEDOUT
8/20 05:14:39 [1220] - [33mwarn[39m: read ETIMEDOUT
8/20 05:14:39 [1220] - [33mwarn[39m:  message=read ETIMEDOUT, stack=Error: read ETIMEDOUT
    at TCP.onStreamRead (internal/stream_base_commons.js:111:27), name=MongoNetworkError, errorLabels=[TransientTransactionError]
8/20 05:14:39 [1220] - [33mwarn[39m: read ETIMEDOUT
8/20 05:14:39 [1220] - [33mwarn[39m:  message=read ETIMEDOUT, stack=Error: read ETIMEDOUT
    at TCP.onStreamRead (internal/stream_base_commons.js:111:27), name=MongoNetworkError, errorLabels=[TransientTransactionError]
8/20 05:14:39 [1220] - [33mwarn[39m: read ETIMEDOUT
8/20 05:14:39 [1220] - [33mwarn[39m:  message=read ETIMEDOUT, stack=Error: read ETIMEDOUT
    at TCP.onStreamRead (internal/stream_base_commons.js:111:27), name=MongoNetworkError, errorLabels=[TransientTransactionError]
8/20 05:14:39 [1220] - [33mwarn[39m:  message=read ETIMEDOUT, stack=Error: read ETIMEDOUT
    at TCP.onStreamRead (internal/stream_base_commons.js:111:27), name=MongoNetworkError, errorLabels=[TransientTransactionError]
8/20 05:14:39 [1220] - [33mwarn[39m: read ETIMEDOUT
8/20 05:14:39 [1220] - [33mwarn[39m:  message=read ETIMEDOUT, stack=Error: read ETIMEDOUT
    at TCP.onStreamRead (internal/stream_base_commons.js:111:27), name=MongoNetworkError, errorLabels=[TransientTransactionError]
8/20 05:14:39 [1220] - [33mwarn[39m: read ETIMEDOUT
8/20 05:14:39 [1220] - [33mwarn[39m: read ETIMEDOUT
8/20 05:14:39 [1220] - [33mwarn[39m:  message=read ETIMEDOUT, stack=Error: read ETIMEDOUT
    at TCP.onStreamRead (internal/stream_base_commons.js:111:27), name=MongoNetworkError, errorLabels=[TransientTransactionError]
8/20 05:14:39 [1220] - [33mwarn[39m: read ETIMEDOUT
8/20 05:14:39 [1220] - [33mwarn[39m:  message=read ETIMEDOUT, stack=Error: read ETIMEDOUT
    at TCP.onStreamRead (internal/stream_base_commons.js:111:27), name=MongoNetworkError, errorLabels=[TransientTransactionError]
8/20 05:14:39 [1220] - [33mwarn[39m: read ETIMEDOUT
8/20 05:14:39 [1220] - [33mwarn[39m:  message=read ETIMEDOUT, stack=Error: read ETIMEDOUT
    at TCP.onStreamRead (internal/stream_base_commons.js:111:27), name=MongoNetworkError, errorLabels=[TransientTransactionError]
8/20 05:14:39 [1220] - [33mwarn[39m: read ETIMEDOUT
8/20 05:14:39 [1220] - [33mwarn[39m: read ETIMEDOUT
8/20 05:14:39 [1220] - [33mwarn[39m:  message=read ETIMEDOUT, stack=Error: read ETIMEDOUT
    at TCP.onStreamRead (internal/stream_base_commons.js:111:27), name=MongoNetworkError, errorLabels=[TransientTransactionError]
8/20 05:14:39 [1220] - [33mwarn[39m: read ETIMEDOUT
8/20 05:14:39 [1220] - [33mwarn[39m:  message=read ETIMEDOUT, stack=Error: read ETIMEDOUT
    at TCP.onStreamRead (internal/stream_base_commons.js:111:27), name=MongoNetworkError, errorLabels=[TransientTransactionError]
8/20 05:14:39 [1220] - [33mwarn[39m: read ETIMEDOUT
8/20 05:14:39 [1220] - [33mwarn[39m:  message=read ETIMEDOUT, stack=Error: read ETIMEDOUT
    at TCP.onStreamRead (internal/stream_base_commons.js:111:27), name=MongoNetworkError, errorLabels=[TransientTransactionError]
8/20 05:14:39 [1220] - [33mwarn[39m: read ETIMEDOUT
8/20 05:14:39 [1220] - [33mwarn[39m:  message=read ETIMEDOUT, stack=Error: read ETIMEDOUT
    at TCP.onStreamRead (internal/stream_base_commons.js:111:27), name=MongoNetworkError, errorLabels=[TransientTransactionError]
8/20 05:14:39 [1220] - [33mwarn[39m: read ETIMEDOUT
8/20 05:14:39 [1220] - [33mwarn[39m:  message=read ETIMEDOUT, stack=Error: read ETIMEDOUT
    at TCP.onStreamRead (internal/stream_base_commons.js:111:27), name=MongoNetworkError, errorLabels=[TransientTransactionError]
8/20 05:14:39 [1220] - [33mwarn[39m: read ETIMEDOUT
8/20 05:14:39 [1220] - [33mwarn[39m:  message=read ETIMEDOUT, stack=Error: read ETIMEDOUT
    at TCP.onStreamRead (internal/stream_base_commons.js:111:27), name=MongoNetworkError, errorLabels=[TransientTransactionError]
8/20 05:14:39 [1220] - [33mwarn[39m: read ETIMEDOUT
8/20 05:14:39 [1220] - [33mwarn[39m:  message=read ETIMEDOUT, stack=Error: read ETIMEDOUT
    at TCP.onStreamRead (internal/stream_base_commons.js:111:27), name=MongoNetworkError, errorLabels=[TransientTransactionError]
8/20 05:14:39 [1220] - [33mwarn[39m: read ETIMEDOUT
8/20 05:14:39 [1220] - [33mwarn[39m:  message=read ETIMEDOUT, stack=Error: read ETIMEDOUT
    at TCP.onStreamRead (internal/stream_base_commons.js:111:27), name=MongoNetworkError, errorLabels=[TransientTransactionError]
8/20 05:14:39 [1220] - [33mwarn[39m: read ETIMEDOUT
8/20 05:14:39 [1220] - [33mwarn[39m:  message=read ETIMEDOUT, stack=Error: read ETIMEDOUT
    at TCP.onStreamRead (internal/stream_base_commons.js:111:27), name=MongoNetworkError, errorLabels=[TransientTransactionError]
8/20 05:14:39 [1220] - [33mwarn[39m: read ETIMEDOUT
8/20 05:14:39 [1220] - [33mwarn[39m:  message=read ETIMEDOUT, stack=Error: read ETIMEDOUT
    at TCP.onStreamRead (internal/stream_base_commons.js:111:27), name=MongoNetworkError, errorLabels=[TransientTransactionError]
8/20 05:14:39 [1220] - [33mwarn[39m:  message=read ETIMEDOUT, stack=Error: read ETIMEDOUT
    at TCP.onStreamRead (internal/stream_base_commons.js:111:27), name=MongoNetworkError, errorLabels=[TransientTransactionError]
8/20 05:14:39 [1220] - [33mwarn[39m: read ETIMEDOUT
8/20 05:14:39 [1220] - [33mwarn[39m:  message=read ETIMEDOUT, stack=Error: read ETIMEDOUT
    at TCP.onStreamRead (internal/stream_base_commons.js:111:27), name=MongoNetworkError, errorLabels=[TransientTransactionError]
8/20 05:14:39 [1220] - [33mwarn[39m: read ETIMEDOUT
8/20 05:14:39 [1220] - [33mwarn[39m:  message=read ETIMEDOUT, stack=Error: read ETIMEDOUT
    at TCP.onStreamRead (internal/stream_base_commons.js:111:27), name=MongoNetworkError, errorLabels=[TransientTransactionError]
8/20 05:14:39 [1220] - [33mwarn[39m: read ETIMEDOUT
8/20 05:14:39 [1220] - [33mwarn[39m:  message=read ETIMEDOUT, stack=Error: read ETIMEDOUT
    at TCP.onStreamRead (internal/stream_base_commons.js:111:27), name=MongoNetworkError, errorLabels=[TransientTransactionError]
8/20 05:14:39 [1220] - [33mwarn[39m: read ETIMEDOUT
8/20 05:14:39 [1220] - [33mwarn[39m:  message=read ETIMEDOUT, stack=Error: read ETIMEDOUT
    at TCP.onStreamRead (internal/stream_base_commons.js:111:27), name=MongoNetworkError, errorLabels=[TransientTransactionError]
8/20 05:14:39 [1220] - [33mwarn[39m: read ETIMEDOUT
8/20 05:14:39 [1220] - [33mwarn[39m:  message=read ETIMEDOUT, stack=Error: read ETIMEDOUT
    at TCP.onStreamRead (internal/stream_base_commons.js:111:27), name=MongoNetworkError, errorLabels=[TransientTransactionError]
8/20 05:14:39 [1220] - [33mwarn[39m: read ETIMEDOUT
8/20 05:14:39 [1220] - [33mwarn[39m: read ETIMEDOUT
8/20 05:14:39 [1220] - [33mwarn[39m: read ETIMEDOUT
8/20 05:14:39 [1220] - [33mwarn[39m:  message=read ETIMEDOUT, stack=Error: read ETIMEDOUT
    at TCP.onStreamRead (internal/stream_base_commons.js:111:27), name=MongoNetworkError, errorLabels=[TransientTransactionError]
8/20 05:14:39 [1220] - [33mwarn[39m: read ETIMEDOUT
8/20 05:14:39 [1220] - [33mwarn[39m:  message=read ETIMEDOUT, stack=Error: read ETIMEDOUT
    at TCP.onStreamRead (internal/stream_base_commons.js:111:27), name=MongoNetworkError, errorLabels=[TransientTransactionError]
8/20 05:14:39 [1220] - [33mwarn[39m: read ETIMEDOUT
8/20 05:14:39 [1220] - [33mwarn[39m:  message=read ETIMEDOUT, stack=Error: read ETIMEDOUT
    at TCP.onStreamRead (internal/stream_base_commons.js:111:27), name=MongoNetworkError, errorLabels=[TransientTransactionError]
8/20 05:14:39 [1220] - [33mwarn[39m: read ETIMEDOUT
8/20 05:14:39 [1220] - [33mwarn[39m:  message=read ETIMEDOUT, stack=Error: read ETIMEDOUT
    at TCP.onStreamRead (internal/stream_base_commons.js:111:27), name=MongoNetworkError, errorLabels=[TransientTransactionError]
8/20 05:14:39 [1220] - [33mwarn[39m:  message=read ETIMEDOUT, stack=Error: read ETIMEDOUT
    at TCP.onStreamRead (internal/stream_base_commons.js:111:27), name=MongoNetworkError, errorLabels=[TransientTransactionError]
8/20 05:14:39 [1220] - [33mwarn[39m: read ETIMEDOUT
8/20 05:14:39 [1220] - [33mwarn[39m:  message=read ETIMEDOUT, stack=Error: read ETIMEDOUT
    at TCP.onStreamRead (internal/stream_base_commons.js:111:27), name=MongoNetworkError, errorLabels=[TransientTransactionError]
8/20 05:14:39 [1220] - [33mwarn[39m: read ETIMEDOUT
8/20 05:14:39 [1220] - [33mwarn[39m:  message=read ETIMEDOUT, stack=Error: read ETIMEDOUT
    at TCP.onStreamRead (internal/stream_base_commons.js:111:27), name=MongoNetworkError, errorLabels=[TransientTransactionError]
8/20 05:14:39 [1220] - [33mwarn[39m: read ETIMEDOUT
8/20 05:14:39 [1220] - [33mwarn[39m:  message=read ETIMEDOUT, stack=Error: read ETIMEDOUT
    at TCP.onStreamRead (internal/stream_base_commons.js:111:27), name=MongoNetworkError, errorLabels=[TransientTransactionError]
8/20 05:14:39 [1220] - [33mwarn[39m: read ETIMEDOUT
8/20 05:14:39 [1220] - [33mwarn[39m:  message=read ETIMEDOUT, stack=Error: read ETIMEDOUT
    at TCP.onStreamRead (internal/stream_base_commons.js:111:27), name=MongoNetworkError, errorLabels=[TransientTransactionError]
8/20 05:14:39 [1220] - [33mwarn[39m: read ETIMEDOUT
8/20 05:14:39 [1220] - [33mwarn[39m:  message=read ETIMEDOUT, stack=Error: read ETIMEDOUT
    at TCP.onStreamRead (internal/stream_base_commons.js:111:27), name=MongoNetworkError, errorLabels=[TransientTransactionError]
8/20 05:14:39 [1220] - [33mwarn[39m: read ETIMEDOUT
8/20 05:14:39 [1220] - [33mwarn[39m:  message=read ETIMEDOUT, stack=Error: read ETIMEDOUT
    at TCP.onStreamRead (internal/stream_base_commons.js:111:27), name=MongoNetworkError, errorLabels=[TransientTransactionError]
8/20 05:14:39 [1220] - [33mwarn[39m: read ETIMEDOUT
8/20 05:14:39 [1220] - [33mwarn[39m:  message=read ETIMEDOUT, stack=Error: read ETIMEDOUT
    at TCP.onStreamRead (internal/stream_base_commons.js:111:27), name=MongoNetworkError, errorLabels=[TransientTransactionError]
8/20 05:14:39 [1220] - [33mwarn[39m: read ETIMEDOUT
8/20 05:14:39 [1220] - [33mwarn[39m:  message=read ETIMEDOUT, stack=Error: read ETIMEDOUT
    at TCP.onStreamRead (internal/stream_base_commons.js:111:27), name=MongoNetworkError, errorLabels=[TransientTransactionError]
8/20 05:14:39 [1220] - [33mwarn[39m: read ETIMEDOUT
8/20 05:14:39 [1220] - [33mwarn[39m:  message=read ETIMEDOUT, stack=Error: read ETIMEDOUT
    at TCP.onStreamRead (internal/stream_base_commons.js:111:27), name=MongoNetworkError, errorLabels=[TransientTransactionError]
8/20 05:14:39 [1220] - [33mwarn[39m: read ETIMEDOUT
8/20 05:14:39 [1220] - [33mwarn[39m: read ETIMEDOUT
8/20 05:14:39 [1220] - [33mwarn[39m: read ETIMEDOUT
8/20 05:14:39 [1220] - [33mwarn[39m:  message=read ETIMEDOUT, stack=Error: read ETIMEDOUT
    at TCP.onStreamRead (internal/stream_base_commons.js:111:27), name=MongoNetworkError, errorLabels=[TransientTransactionError]
8/20 05:14:39 [1220] - [33mwarn[39m: read ETIMEDOUT
8/20 05:14:39 [1220] - [33mwarn[39m:  message=read ETIMEDOUT, stack=Error: read ETIMEDOUT
    at TCP.onStreamRead (internal/stream_base_commons.js:111:27), name=MongoNetworkError, errorLabels=[TransientTransactionError]
8/20 05:14:39 [1220] - [33mwarn[39m: read ETIMEDOUT
8/20 05:14:39 [1220] - [33mwarn[39m:  message=read ETIMEDOUT, stack=Error: read ETIMEDOUT
    at TCP.onStreamRead (internal/stream_base_commons.js:111:27), name=MongoNetworkError, errorLabels=[TransientTransactionError]
8/20 05:14:39 [1220] - [33mwarn[39m:  message=read ETIMEDOUT, stack=Error: read ETIMEDOUT
    at TCP.onStreamRead (internal/stream_base_commons.js:111:27), name=MongoNetworkError, errorLabels=[TransientTransactionError]
8/20 05:14:39 [1220] - [33mwarn[39m: read ETIMEDOUT
8/20 05:14:39 [1220] - [33mwarn[39m:  message=read ETIMEDOUT, stack=Error: read ETIMEDOUT
    at TCP.onStreamRead (internal/stream_base_commons.js:111:27), name=MongoNetworkError, errorLabels=[TransientTransactionError]
8/20 05:14:39 [1220] - [33mwarn[39m: read ETIMEDOUT
8/20 05:14:39 [1220] - [33mwarn[39m:  message=read ETIMEDOUT, stack=Error: read ETIMEDOUT
    at TCP.onStreamRead (internal/stream_base_commons.js:111:27), name=MongoNetworkError, errorLabels=[TransientTransactionError]
8/20 05:14:39 [1220] - [33mwarn[39m: read ETIMEDOUT
8/20 05:14:39 [1220] - [33mwarn[39m:  message=read ETIMEDOUT, stack=Error: read ETIMEDOUT
    at TCP.onStreamRead (internal/stream_base_commons.js:111:27), name=MongoNetworkError, errorLabels=[TransientTransactionError]
8/20 05:14:39 [1220] - [33mwarn[39m:  message=read ETIMEDOUT, stack=Error: read ETIMEDOUT
    at TCP.onStreamRead (internal/stream_base_commons.js:111:27), name=MongoNetworkError, errorLabels=[TransientTransactionError]
8/20 05:14:39 [1220] - [33mwarn[39m: read ETIMEDOUT
8/20 05:14:39 [1220] - [33mwarn[39m:  message=read ETIMEDOUT, stack=Error: read ETIMEDOUT
    at TCP.onStreamRead (internal/stream_base_commons.js:111:27), name=MongoNetworkError, errorLabels=[TransientTransactionError]
8/20 05:14:39 [1220] - [33mwarn[39m: read ETIMEDOUT
8/20 05:14:39 [1220] - [33mwarn[39m: read ETIMEDOUT
